<?xml version="1.0" encoding="UTF-8"?>
<testng-results skipped="0" failed="0" ignored="0" total="2" passed="2">
  <reporter-output>
  </reporter-output>
  <suite name="Default suite" duration-ms="41625" started-at="2019-03-28T17:14:52Z" finished-at="2019-03-28T17:15:33Z">
    <groups>
    </groups>
    <test name="Default test" duration-ms="41625" started-at="2019-03-28T17:14:52Z" finished-at="2019-03-28T17:15:33Z">
      <class name="TestPack.NewTest">
        <test-method status="PASS" signature="invokeBrowser()[pri:0, instance:TestPack.NewTest@5dfcfece]" name="invokeBrowser" duration-ms="24796" started-at="2019-03-28T17:14:52Z" finished-at="2019-03-28T17:15:17Z">
          <reporter-output>
          </reporter-output>
        </test-method> <!-- invokeBrowser -->
        <test-method status="PASS" signature="navigateCommands()[pri:1, instance:TestPack.NewTest@5dfcfece]" name="navigateCommands" duration-ms="16717" started-at="2019-03-28T17:15:17Z" finished-at="2019-03-28T17:15:33Z">
          <reporter-output>
          </reporter-output>
        </test-method> <!-- navigateCommands -->
      </class> <!-- TestPack.NewTest -->
    </test> <!-- Default test -->
  </suite> <!-- Default suite -->
</testng-results>
